<?xml version="1.0" encoding="UTF-8"?>
<robot generator="Robot 7.0.1 (Python 3.11.5 on win32)" generated="2024-07-28T20:01:54.188644" rpa="false" schemaversion="5">
<suite id="s1" name="PageObject" source="C:\Users\motal\OneDrive\Desktop\automatisation\Robotframework\RF_Part3\RF\Test\PageObject.robot">
<test id="s1-t1" name="TC5:add new user" line="39">
<kw name="OpenPage" owner="common">
<kw name="Open Browser" owner="SeleniumLibrary">
<msg time="2024-07-28T20:01:55.035871" level="INFO">Opening browser 'chrome' to base url 'https://opensource-demo.orangehrmlive.com/web/index.php/auth/login'.</msg>
<arg>${url}</arg>
<arg>${browser}</arg>
<doc>Opens a new browser instance to the optional ``url``.</doc>
<status status="PASS" start="2024-07-28T20:01:55.035871" elapsed="4.507746"/>
</kw>
<kw name="Maximize Browser Window" owner="SeleniumLibrary">
<doc>Maximizes current browser window.</doc>
<status status="PASS" start="2024-07-28T20:01:59.543617" elapsed="2.965243"/>
</kw>
<status status="PASS" start="2024-07-28T20:01:55.032874" elapsed="7.476987"/>
</kw>
<kw name="Authentification avec username et password valid" owner="authentification">
<kw name="Wait Until Element Is Visible" owner="SeleniumLibrary">
<arg>${user}</arg>
<doc>Waits until the element ``locator`` is visible.</doc>
<status status="PASS" start="2024-07-28T20:02:02.515586" elapsed="0.598577"/>
</kw>
<kw name="Input Text" owner="SeleniumLibrary">
<msg time="2024-07-28T20:02:03.115165" level="INFO">Typing text 'Admin' into text field 'xpath://input[@name='username']'.</msg>
<arg>${user}</arg>
<arg>${administrateur}</arg>
<doc>Types the given ``text`` into the text field identified by ``locator``.</doc>
<status status="PASS" start="2024-07-28T20:02:03.115165" elapsed="0.387009"/>
</kw>
<kw name="Wait Until Element Is Visible" owner="SeleniumLibrary">
<arg>${password}</arg>
<doc>Waits until the element ``locator`` is visible.</doc>
<status status="PASS" start="2024-07-28T20:02:03.502174" elapsed="0.057562"/>
</kw>
<kw name="Input Password" owner="SeleniumLibrary">
<msg time="2024-07-28T20:02:03.561753" level="INFO">Typing password into text field 'xpath://input[@name='password']'.</msg>
<msg time="2024-07-28T20:02:03.663202" level="INFO">Temporally setting log level to: NONE</msg>
<arg>${password}</arg>
<arg>${passwordAdmin}</arg>
<doc>Types the given password into the text field identified by ``locator``.</doc>
<status status="PASS" start="2024-07-28T20:02:03.559736" elapsed="0.351116"/>
</kw>
<kw name="Wait Until Element Is Visible" owner="SeleniumLibrary">
<arg>${seconnecter}</arg>
<doc>Waits until the element ``locator`` is visible.</doc>
<status status="PASS" start="2024-07-28T20:02:03.911877" elapsed="0.061718"/>
</kw>
<kw name="Click Button" owner="SeleniumLibrary">
<msg time="2024-07-28T20:02:03.974594" level="INFO">Clicking button 'xpath://button[@type='submit']'.</msg>
<arg>${seconnecter}</arg>
<doc>Clicks the button identified by ``locator``.</doc>
<status status="PASS" start="2024-07-28T20:02:03.973595" elapsed="1.166287"/>
</kw>
<kw name="Wait Until Page Contains" owner="SeleniumLibrary">
<arg>Employees on Leave Today</arg>
<doc>Waits until ``text`` appears on the current page.</doc>
<status status="PASS" start="2024-07-28T20:02:05.139882" elapsed="0.490770"/>
</kw>
<status status="PASS" start="2024-07-28T20:02:02.511990" elapsed="3.119971"/>
</kw>
<kw name="Adduser" owner="AddUser">
<kw name="Wait Until Element Is Visible" owner="SeleniumLibrary">
<arg>${AdminIcone}</arg>
<doc>Waits until the element ``locator`` is visible.</doc>
<status status="PASS" start="2024-07-28T20:02:05.633978" elapsed="0.099790"/>
</kw>
<kw name="Click Element" owner="SeleniumLibrary">
<msg time="2024-07-28T20:02:05.735002" level="INFO">Clicking element 'xpath://*[@href='/web/index.php/admin/viewAdminModule']'.</msg>
<arg>${AdminIcone}</arg>
<doc>Click the element identified by ``locator``.</doc>
<status status="PASS" start="2024-07-28T20:02:05.733768" elapsed="2.992469"/>
</kw>
<kw name="Wait Until Element Is Visible" owner="SeleniumLibrary">
<arg>${Addbutton}</arg>
<doc>Waits until the element ``locator`` is visible.</doc>
<status status="PASS" start="2024-07-28T20:02:08.727858" elapsed="0.609771"/>
</kw>
<kw name="Click Element" owner="SeleniumLibrary">
<msg time="2024-07-28T20:02:09.338140" level="INFO">Clicking element 'xpath://button[@class='oxd-button oxd-button--medium oxd-button--secondary']'.</msg>
<arg>${Addbutton}</arg>
<doc>Click the element identified by ``locator``.</doc>
<status status="PASS" start="2024-07-28T20:02:09.338140" elapsed="0.538079"/>
</kw>
<kw name="Wait Until Element Is Visible" owner="SeleniumLibrary">
<arg>${userrole}</arg>
<doc>Waits until the element ``locator`` is visible.</doc>
<status status="PASS" start="2024-07-28T20:02:09.877730" elapsed="0.397602"/>
</kw>
<kw name="Click Element" owner="SeleniumLibrary">
<msg time="2024-07-28T20:02:10.276337" level="INFO">Clicking element 'xpath://div[@class='oxd-select-text-input']'.</msg>
<arg>${userrole}</arg>
<doc>Click the element identified by ``locator``.</doc>
<status status="PASS" start="2024-07-28T20:02:10.275332" elapsed="0.200306"/>
</kw>
<kw name="Wait Until Element Is Visible" owner="SeleniumLibrary">
<arg>${Administra}</arg>
<doc>Waits until the element ``locator`` is visible.</doc>
<status status="PASS" start="2024-07-28T20:02:10.476655" elapsed="0.062161"/>
</kw>
<kw name="Click Element" owner="SeleniumLibrary">
<msg time="2024-07-28T20:02:10.539326" level="INFO">Clicking element 'xpath://*[contains(text(),'Admin')]'.</msg>
<arg>${Administra}</arg>
<doc>Click the element identified by ``locator``.</doc>
<status status="PASS" start="2024-07-28T20:02:10.539326" elapsed="0.123691"/>
</kw>
<kw name="Wait Until Element Is Visible" owner="SeleniumLibrary">
<arg>${selectStatus}</arg>
<doc>Waits until the element ``locator`` is visible.</doc>
<status status="PASS" start="2024-07-28T20:02:10.663017" elapsed="0.047869"/>
</kw>
<kw name="Click Element" owner="SeleniumLibrary">
<msg time="2024-07-28T20:02:10.711887" level="INFO">Clicking element 'xpath://label[text()='Status']/following::div[@data-v-67d2aedf]'.</msg>
<arg>${selectStatus}</arg>
<doc>Click the element identified by ``locator``.</doc>
<status status="PASS" start="2024-07-28T20:02:10.710886" elapsed="0.119903"/>
</kw>
<kw name="Wait Until Element Is Visible" owner="SeleniumLibrary">
<arg>${Disabled}</arg>
<doc>Waits until the element ``locator`` is visible.</doc>
<status status="PASS" start="2024-07-28T20:02:10.831813" elapsed="0.063283"/>
</kw>
<kw name="Click Element" owner="SeleniumLibrary">
<msg time="2024-07-28T20:02:10.896051" level="INFO">Clicking element 'xpath://*[contains(text(),'Disabled')]'.</msg>
<arg>${Disabled}</arg>
<doc>Click the element identified by ``locator``.</doc>
<status status="PASS" start="2024-07-28T20:02:10.895096" elapsed="0.165212"/>
</kw>
<status status="PASS" start="2024-07-28T20:02:05.632977" elapsed="5.427331"/>
</kw>
<kw name="Close Browser" owner="SeleniumLibrary">
<doc>Closes the current browser.</doc>
<status status="PASS" start="2024-07-28T20:02:11.063643" elapsed="3.366227"/>
</kw>
<doc>successuful access to Admin page</doc>
<tag>cr5</tag>
<status status="PASS" start="2024-07-28T20:01:55.030759" elapsed="19.400117"/>
</test>
<status status="PASS" start="2024-07-28T20:01:54.194655" elapsed="20.239231"/>
</suite>
<statistics>
<total>
<stat pass="1" fail="0" skip="0">All Tests</stat>
</total>
<tag>
<stat pass="1" fail="0" skip="0">cr5</stat>
</tag>
<suite>
<stat pass="1" fail="0" skip="0" id="s1" name="PageObject">PageObject</stat>
</suite>
</statistics>
<errors>
</errors>
</robot>
